# JRE version: OpenJDK Runtime Environment JBR-11.0.13.7-1751.25-jcef (11.0.13+7) (build 11.0.13+7-b1751.25)
# Java VM: OpenJDK 64-Bit Server VM JBR-11.0.13.7-1751.25-jcef (11.0.13+7-b1751.25, mixed mode, tiered, compressed oops, g1 gc, windows-amd64)
Heap:
 garbage-first heap   total 258048K, used 69808K [0x0000000704800000, 0x0000000800000000)
  region size 1024K, 51 young (52224K), 7 survivors (7168K)
 Metaspace       used 39633K, capacity 40466K, committed 40624K, reserved 1085440K
  class space    used 4527K, capacity 4863K, committed 4864K, reserved 1048576K
GC Heap History (8 events):
Event: 0.352 GC heap before
{Heap before GC invocations=0 (full 0):
 garbage-first heap   total 258048K, used 27648K [0x0000000704800000, 0x0000000800000000)
  region size 1024K, 24 young (24576K), 0 survivors (0K)
 Metaspace       used 7112K, capacity 7219K, committed 7296K, reserved 1056768K
  class space    used 599K, capacity 638K, committed 640K, reserved 1048576K
}
Event: 0.357 GC heap after
{Heap after GC invocations=1 (full 0):
 garbage-first heap   total 258048K, used 9266K [0x0000000704800000, 0x0000000800000000)
  region size 1024K, 3 young (3072K), 3 survivors (3072K)
 Metaspace       used 7112K, capacity 7219K, committed 7296K, reserved 1056768K
  class space    used 599K, capacity 638K, committed 640K, reserved 1048576K
}
Event: 1.805 GC heap before
{Heap before GC invocations=1 (full 0):
 garbage-first heap   total 258048K, used 77874K [0x0000000704800000, 0x0000000800000000)
  region size 1024K, 72 young (73728K), 3 survivors (3072K)
 Metaspace       used 20732K, capacity 21160K, committed 21296K, reserved 1069056K
  class space    used 2186K, capacity 2371K, committed 2432K, reserved 1048576K
}
Event: 1.810 GC heap after
{Heap after GC invocations=2 (full 0):
 garbage-first heap   total 258048K, used 14352K [0x0000000704800000, 0x0000000800000000)
  region size 1024K, 9 young (9216K), 9 survivors (9216K)
 Metaspace       used 20732K, capacity 21160K, committed 21296K, reserved 1069056K
  class space    used 2186K, capacity 2371K, committed 2432K, reserved 1048576K
}
Event: 2.433 GC heap before
{Heap before GC invocations=3 (full 0):
 garbage-first heap   total 258048K, used 87056K [0x0000000704800000, 0x0000000800000000)
  region size 1024K, 80 young (81920K), 9 survivors (9216K)
 Metaspace       used 29858K, capacity 30457K, committed 30640K, reserved 1077248K
  class space    used 3266K, capacity 3484K, committed 3584K, reserved 1048576K
}
Event: 2.440 GC heap after
{Heap after GC invocations=4 (full 0):
 garbage-first heap   total 258048K, used 18906K [0x0000000704800000, 0x0000000800000000)
  region size 1024K, 5 young (5120K), 5 survivors (5120K)
 Metaspace       used 29858K, capacity 30457K, committed 30640K, reserved 1077248K
  class space    used 3266K, capacity 3484K, committed 3584K, reserved 1048576K
}
Event: 2.797 GC heap before
{Heap before GC invocations=4 (full 0):
 garbage-first heap   total 258048K, used 56794K [0x0000000704800000, 0x0000000800000000)
  region size 1024K, 43 young (44032K), 5 survivors (5120K)
 Metaspace       used 35086K, capacity 35813K, committed 35888K, reserved 1081344K
  class space    used 3923K, capacity 4209K, committed 4224K, reserved 1048576K
}
Event: 2.802 GC heap after
{Heap after GC invocations=5 (full 0):
 garbage-first heap   total 258048K, used 20656K [0x0000000704800000, 0x0000000800000000)
  region size 1024K, 7 young (7168K), 7 survivors (7168K)
 Metaspace       used 35086K, capacity 35813K, committed 35888K, reserved 1081344K
  class space    used 3923K, capacity 4209K, committed 4224K, reserved 1048576K
}

